Scanning dependencies of target cpp_code
[  5%] Building CXX object CMakeFiles/cpp_code.dir/main.cpp.o
[ 11%] Building CXX object CMakeFiles/cpp_code.dir/STL.cpp.o
[ 17%] Building CXX object CMakeFiles/cpp_code.dir/multithreading.cpp.o
[ 23%] Building CXX object CMakeFiles/cpp_code.dir/features.cpp.o
/home/northlight/SolarSystem/cpp/cpp_code/features.cpp: In function ‘void testField()’:
/home/northlight/SolarSystem/cpp/cpp_code/features.cpp:294:16: warning: ISO C++ forbids converting a string constant to ‘char*’ [-Wwrite-strings]
     char *ch = "hello";
                ^
/home/northlight/SolarSystem/cpp/cpp_code/features.cpp:298:33: warning: ISO C++ forbids converting a string constant to ‘char*’ [-Wwrite-strings]
     char * ch5[] = {"hello", "h"};
                                 ^
/home/northlight/SolarSystem/cpp/cpp_code/features.cpp:298:33: warning: ISO C++ forbids converting a string constant to ‘char*’ [-Wwrite-strings]
[ 29%] Building CXX object CMakeFiles/cpp_code.dir/MyString.cpp.o
[ 35%] Building CXX object CMakeFiles/cpp_code.dir/tests/Test.cpp.o
[ 41%] Building CXX object CMakeFiles/cpp_code.dir/List.cpp.o
[ 47%] Building CXX object CMakeFiles/cpp_code.dir/patterns/Adapter.cpp.o
[ 52%] Building CXX object CMakeFiles/cpp_code.dir/cpp_extra/CppTopics.cpp.o
[ 58%] Building CXX object CMakeFiles/cpp_code.dir/feature2.cpp.o
[ 64%] Building CXX object CMakeFiles/cpp_code.dir/Vector.cpp.o
[ 70%] Building CXX object CMakeFiles/cpp_code.dir/Student.cpp.o
[ 76%] Building CXX object CMakeFiles/cpp_code.dir/Stack.cpp.o
[ 82%] Building CXX object CMakeFiles/cpp_code.dir/Array.cpp.o
[ 88%] Building CXX object CMakeFiles/cpp_code.dir/Queue.cpp.o
[ 94%] Building CXX object CMakeFiles/cpp_code.dir/OpenCV.cpp.o
[100%] Linking CXX executable cpp_code
/usr/bin/ld: CMakeFiles/cpp_code.dir/multithreading.cpp.o: undefined reference to symbol 'pthread_create@@GLIBC_2.2.5'
//lib/x86_64-linux-gnu/libpthread.so.0: error adding symbols: DSO missing from command line
collect2: error: ld returned 1 exit status
CMakeFiles/cpp_code.dir/build.make:502: recipe for target 'cpp_code' failed
make[2]: *** [cpp_code] Error 1
CMakeFiles/Makefile2:67: recipe for target 'CMakeFiles/cpp_code.dir/all' failed
make[1]: *** [CMakeFiles/cpp_code.dir/all] Error 2
Makefile:83: recipe for target 'all' failed
make: *** [all] Error 2
